#-----------------------------------------------------------
# Vivado v2021.2 (64-bit)
# SW Build 3367213 on Tue Oct 19 02:48:09 MDT 2021
# IP Build 3369179 on Thu Oct 21 08:25:16 MDT 2021
# Start of session at: Thu Sep  8 12:34:22 2022
# Process ID: 21944
# Current directory: C:/dev/fpga_proj/_mini/cpu/cpu_ip
# Command line: vivado.exe -gui_launcher_event rodinguilauncherevent11456 C:\dev\fpga_proj\_mini\cpu\cpu_ip\cpu_ip.xpr
# Log file: C:/dev/fpga_proj/_mini/cpu/cpu_ip/vivado.log
# Journal file: C:/dev/fpga_proj/_mini/cpu/cpu_ip\vivado.jou
# Running On: DESKTOP-UK50EEK, OS: Windows, CPU Frequency: 3693 MHz, CPU Physical cores: 12, Host memory: 17103 MB
#-----------------------------------------------------------
start_gui
open_project C:/dev/fpga_proj/_mini/cpu/cpu_ip/cpu_ip.xpr
WARNING: [Board 49-26] cannot add Board Part xilinx.com:vck190_es:part0:1.3 available at C:/Xilinx/Vivado/2021.2/data/xhub/boards/XilinxBoardStore/boards/Xilinx/vck190/es/1.3/board.xml as part xcvc1902-vsva2197-2mp-e-s-es1 specified in board_part file is either invalid or not available
WARNING: [Board 49-26] cannot add Board Part xilinx.com:vmk180_es:part0:1.3 available at C:/Xilinx/Vivado/2021.2/data/xhub/boards/XilinxBoardStore/boards/Xilinx/vmk180/es/1.3/board.xml as part xcvm1802-vsva2197-2mp-e-s-es1 specified in board_part file is either invalid or not available
WARNING: [Board 49-26] cannot add Board Part xilinx.com:vpk120_es:part0:1.2 available at C:/Xilinx/Vivado/2021.2/data/xhub/boards/XilinxBoardStore/boards/Xilinx/vpk120/es/1.2/board.xml as part xcvp1202-vsva2785-2mp-e-s-es1 specified in board_part file is either invalid or not available
WARNING: [Board 49-26] cannot add Board Part xilinx.com:zcu208_es:part0:1.0 available at C:/Xilinx/Vivado/2021.2/data/xhub/boards/XilinxBoardStore/boards/Xilinx/zcu208/es/1.0/board.xml as part xczu48dr-fsvg1517-2-e-es1 specified in board_part file is either invalid or not available
WARNING: [Board 49-26] cannot add Board Part xilinx.com:zcu208_es:part0:1.1 available at C:/Xilinx/Vivado/2021.2/data/xhub/boards/XilinxBoardStore/boards/Xilinx/zcu208/es/1.1/board.xml as part xczu48dr-fsvg1517-2-e-es1 specified in board_part file is either invalid or not available
WARNING: [Board 49-26] cannot add Board Part xilinx.com:zcu208_es:part0:1.2 available at C:/Xilinx/Vivado/2021.2/data/xhub/boards/XilinxBoardStore/boards/Xilinx/zcu208/es/1.2/board.xml as part xczu48dr-fsvg1517-2-e-es1 specified in board_part file is either invalid or not available
WARNING: [Board 49-26] cannot add Board Part xilinx.com:zcu208ld:part0:2.0 available at C:/Xilinx/Vivado/2021.2/data/xhub/boards/XilinxBoardStore/boards/Xilinx/zcu208ld/production/2.0/board.xml as part xczu58dr-fsvg1517-2-i specified in board_part file is either invalid or not available
WARNING: [Board 49-26] cannot add Board Part xilinx.com:zcu208ld_es:part0:1.0 available at C:/Xilinx/Vivado/2021.2/data/xhub/boards/XilinxBoardStore/boards/Xilinx/zcu208ld/es/1.0/board.xml as part xczu58dr-fsvg1517-2-i-es1 specified in board_part file is either invalid or not available
WARNING: [Board 49-26] cannot add Board Part xilinx.com:zcu216_es:part0:1.0 available at C:/Xilinx/Vivado/2021.2/data/xhub/boards/XilinxBoardStore/boards/Xilinx/zcu216/es/1.0/board.xml as part xczu49dr-ffvf1760-2-e-es1 specified in board_part file is either invalid or not available
WARNING: [Board 49-26] cannot add Board Part xilinx.com:zcu216_es:part0:1.1 available at C:/Xilinx/Vivado/2021.2/data/xhub/boards/XilinxBoardStore/boards/Xilinx/zcu216/es/1.1/board.xml as part xczu49dr-ffvf1760-2-e-es1 specified in board_part file is either invalid or not available
WARNING: [Board 49-26] cannot add Board Part xilinx.com:zcu216_es:part0:1.2 available at C:/Xilinx/Vivado/2021.2/data/xhub/boards/XilinxBoardStore/boards/Xilinx/zcu216/es/1.2/board.xml as part xczu49dr-ffvf1760-2-e-es1 specified in board_part file is either invalid or not available
WARNING: [Board 49-26] cannot add Board Part xilinx.com:zcu216ld:part0:2.0 available at C:/Xilinx/Vivado/2021.2/data/xhub/boards/XilinxBoardStore/boards/Xilinx/zcu216ld/production/2.0/board.xml as part xczu59dr-ffvf1760-2-i specified in board_part file is either invalid or not available
WARNING: [Board 49-26] cannot add Board Part xilinx.com:zcu216ld_es:part0:1.0 available at C:/Xilinx/Vivado/2021.2/data/xhub/boards/XilinxBoardStore/boards/Xilinx/zcu216ld/es/1.0/board.xml as part xczu59dr-ffvf1760-2-i-es1 specified in board_part file is either invalid or not available
WARNING: [Board 49-26] cannot add Board Part xilinx.com:zcu670:part0:1.0 available at C:/Xilinx/Vivado/2021.2/data/xhub/boards/XilinxBoardStore/boards/Xilinx/zcu670/1.0/board.xml as part xczu67dr-fsve1156-2-i specified in board_part file is either invalid or not available
INFO: [filemgmt 56-3] Default IP Output Path : Could not find the directory 'C:/dev/fpga_proj/_mini/cpu/cpu_ip/cpu_ip.gen/sources_1'.
Scanning sources...
Finished scanning sources
INFO: [IP_Flow 19-234] Refreshing IP repositories
INFO: [IP_Flow 19-1700] Loaded user IP repository 'c:/dev/fpga_proj/_mini/cpu/cpu_ip/cpu_ip.srcs/sources_1/new'.
INFO: [IP_Flow 19-2313] Loaded Vivado IP repository 'C:/Xilinx/Vivado/2021.2/data/ip'.
update_compile_order -fileset sources_1
synth_design -rtl -rtl_skip_mlo -name rtl_1
Command: synth_design -rtl -rtl_skip_mlo -name rtl_1
Starting synth_design
Using part: xc7z020clg400-1
Top: cpu
INFO: [Device 21-403] Loading part xc7z020clg400-1
---------------------------------------------------------------------------------
Starting RTL Elaboration : Time (s): cpu = 00:00:03 ; elapsed = 00:00:04 . Memory (MB): peak = 1949.121 ; gain = 337.668
---------------------------------------------------------------------------------
INFO: [Synth 8-6157] synthesizing module 'cpu' [C:/dev/fpga_proj/_mini/cpu/cpu_ip/cpu_ip.srcs/sources_1/new/cpu.v:3]
ERROR: [Synth 8-91] ambiguous clock in event control [C:/dev/fpga_proj/_mini/cpu/cpu_ip/cpu_ip.srcs/sources_1/new/cpu.v:43]
ERROR: [Synth 8-6156] failed synthesizing module 'cpu' [C:/dev/fpga_proj/_mini/cpu/cpu_ip/cpu_ip.srcs/sources_1/new/cpu.v:3]
---------------------------------------------------------------------------------
Finished RTL Elaboration : Time (s): cpu = 00:00:04 ; elapsed = 00:00:05 . Memory (MB): peak = 2040.246 ; gain = 428.793
---------------------------------------------------------------------------------
RTL Elaboration failed
2 Infos, 0 Warnings, 0 Critical Warnings and 3 Errors encountered.
synth_design failed
ERROR: [Vivado_Tcl 4-5] Elaboration failed - please see the console for details
launch_runs synth_1 -jobs 6
WARNING: [Vivado 12-7122] Auto Incremental Compile:: No reference checkpoint was found in run synth_1. Auto-incremental flow will not be run, the standard flow will be run instead.
[Thu Sep  8 12:35:46 2022] Launched synth_1...
Run output will be captured here: C:/dev/fpga_proj/_mini/cpu/cpu_ip/cpu_ip.runs/synth_1/runme.log
synth_design -rtl -rtl_skip_mlo -name rtl_1
Command: synth_design -rtl -rtl_skip_mlo -name rtl_1
Starting synth_design
Using part: xc7z020clg400-1
Top: cpu
INFO: [Common 17-41] Interrupt caught. Command should exit soon.
INFO: [Common 17-344] 'source' was cancelled
2 Infos, 0 Warnings, 0 Critical Warnings and 0 Errors encountered.
synth_design completed successfully
INFO: [Common 17-344] 'synth_design' was cancelled
synth_design -rtl -rtl_skip_mlo -name rtl_1
Command: synth_design -rtl -rtl_skip_mlo -name rtl_1
Starting synth_design
Using part: xc7z020clg400-1
Top: cpu
CRITICAL WARNING: [Synth 8-2490] overwriting previous definition of module AIE_NOC_M_AXI [C:/Xilinx/Vivado/2021.2/scripts/rt/data/unisim_comp.v:14]
CRITICAL WARNING: [Synth 8-2490] overwriting previous definition of module AIE_NOC_M_AXIS [C:/Xilinx/Vivado/2021.2/scripts/rt/data/unisim_comp.v:132]
CRITICAL WARNING: [Synth 8-2490] overwriting previous definition of module AIE_NOC_S_AXI [C:/Xilinx/Vivado/2021.2/scripts/rt/data/unisim_comp.v:164]
CRITICAL WARNING: [Synth 8-2490] overwriting previous definition of module AIE_NOC_S_AXIS [C:/Xilinx/Vivado/2021.2/scripts/rt/data/unisim_comp.v:274]
CRITICAL WARNING: [Synth 8-2490] overwriting previous definition of module AIE_PL_M_AXIS128 [C:/Xilinx/Vivado/2021.2/scripts/rt/data/unisim_comp.v:306]
CRITICAL WARNING: [Synth 8-2490] overwriting previous definition of module AIE_PL_M_AXIS32 [C:/Xilinx/Vivado/2021.2/scripts/rt/data/unisim_comp.v:326]
CRITICAL WARNING: [Synth 8-2490] overwriting previous definition of module AIE_PL_M_AXIS64 [C:/Xilinx/Vivado/2021.2/scripts/rt/data/unisim_comp.v:346]
CRITICAL WARNING: [Synth 8-2490] overwriting previous definition of module AIE_PL_M_EVENTS [C:/Xilinx/Vivado/2021.2/scripts/rt/data/unisim_comp.v:366]
CRITICAL WARNING: [Synth 8-2490] overwriting previous definition of module AIE_PL_S_AXIS128 [C:/Xilinx/Vivado/2021.2/scripts/rt/data/unisim_comp.v:376]
CRITICAL WARNING: [Synth 8-2490] overwriting previous definition of module AIE_PL_S_AXIS32 [C:/Xilinx/Vivado/2021.2/scripts/rt/data/unisim_comp.v:396]
CRITICAL WARNING: [Synth 8-2490] overwriting previous definition of module AIE_PL_S_AXIS64 [C:/Xilinx/Vivado/2021.2/scripts/rt/data/unisim_comp.v:416]
CRITICAL WARNING: [Synth 8-2490] overwriting previous definition of module AIE_PL_S_EVENTS [C:/Xilinx/Vivado/2021.2/scripts/rt/data/unisim_comp.v:436]
CRITICAL WARNING: [Synth 8-2490] overwriting previous definition of module AMS_ADC [C:/Xilinx/Vivado/2021.2/scripts/rt/data/unisim_comp.v:446]
CRITICAL WARNING: [Synth 8-2490] overwriting previous definition of module AMS_DAC [C:/Xilinx/Vivado/2021.2/scripts/rt/data/unisim_comp.v:460]
CRITICAL WARNING: [Synth 8-2490] overwriting previous definition of module AND2 [C:/Xilinx/Vivado/2021.2/scripts/rt/data/unisim_comp.v:474]
CRITICAL WARNING: [Synth 8-2490] overwriting previous definition of module AND2B1 [C:/Xilinx/Vivado/2021.2/scripts/rt/data/unisim_comp.v:486]
CRITICAL WARNING: [Synth 8-2490] overwriting previous definition of module AND2B1L [C:/Xilinx/Vivado/2021.2/scripts/rt/data/unisim_comp.v:498]
CRITICAL WARNING: [Synth 8-2490] overwriting previous definition of module AND2B2 [C:/Xilinx/Vivado/2021.2/scripts/rt/data/unisim_comp.v:511]
CRITICAL WARNING: [Synth 8-2490] overwriting previous definition of module AND3 [C:/Xilinx/Vivado/2021.2/scripts/rt/data/unisim_comp.v:522]
CRITICAL WARNING: [Synth 8-2490] overwriting previous definition of module AND3B1 [C:/Xilinx/Vivado/2021.2/scripts/rt/data/unisim_comp.v:534]
CRITICAL WARNING: [Synth 8-2490] overwriting previous definition of module AND3B2 [C:/Xilinx/Vivado/2021.2/scripts/rt/data/unisim_comp.v:546]
CRITICAL WARNING: [Synth 8-2490] overwriting previous definition of module AND3B3 [C:/Xilinx/Vivado/2021.2/scripts/rt/data/unisim_comp.v:558]
CRITICAL WARNING: [Synth 8-2490] overwriting previous definition of module AND4 [C:/Xilinx/Vivado/2021.2/scripts/rt/data/unisim_comp.v:570]
CRITICAL WARNING: [Synth 8-2490] overwriting previous definition of module AND4B1 [C:/Xilinx/Vivado/2021.2/scripts/rt/data/unisim_comp.v:583]
CRITICAL WARNING: [Synth 8-2490] overwriting previous definition of module AND4B2 [C:/Xilinx/Vivado/2021.2/scripts/rt/data/unisim_comp.v:596]
CRITICAL WARNING: [Synth 8-2490] overwriting previous definition of module AND4B3 [C:/Xilinx/Vivado/2021.2/scripts/rt/data/unisim_comp.v:609]
CRITICAL WARNING: [Synth 8-2490] overwriting previous definition of module AND4B4 [C:/Xilinx/Vivado/2021.2/scripts/rt/data/unisim_comp.v:622]
CRITICAL WARNING: [Synth 8-2490] overwriting previous definition of module AND5 [C:/Xilinx/Vivado/2021.2/scripts/rt/data/unisim_comp.v:635]
CRITICAL WARNING: [Synth 8-2490] overwriting previous definition of module AND5B1 [C:/Xilinx/Vivado/2021.2/scripts/rt/data/unisim_comp.v:649]
CRITICAL WARNING: [Synth 8-2490] overwriting previous definition of module AND5B2 [C:/Xilinx/Vivado/2021.2/scripts/rt/data/unisim_comp.v:663]
CRITICAL WARNING: [Synth 8-2490] overwriting previous definition of module AND5B3 [C:/Xilinx/Vivado/2021.2/scripts/rt/data/unisim_comp.v:677]
CRITICAL WARNING: [Synth 8-2490] overwriting previous definition of module AND5B4 [C:/Xilinx/Vivado/2021.2/scripts/rt/data/unisim_comp.v:691]
CRITICAL WARNING: [Synth 8-2490] overwriting previous definition of module AND5B5 [C:/Xilinx/Vivado/2021.2/scripts/rt/data/unisim_comp.v:705]
CRITICAL WARNING: [Synth 8-2490] overwriting previous definition of module AUTOBUF [C:/Xilinx/Vivado/2021.2/scripts/rt/data/unisim_comp.v:719]
CRITICAL WARNING: [Synth 8-2490] overwriting previous definition of module BIBUF [C:/Xilinx/Vivado/2021.2/scripts/rt/data/unisim_comp.v:730]
CRITICAL WARNING: [Synth 8-2490] overwriting previous definition of module BITSLICE_CONTROL [C:/Xilinx/Vivado/2021.2/scripts/rt/data/unisim_comp.v:740]
CRITICAL WARNING: [Synth 8-2490] overwriting previous definition of module BSCANE2 [C:/Xilinx/Vivado/2021.2/scripts/rt/data/unisim_comp.v:884]
CRITICAL WARNING: [Synth 8-2490] overwriting previous definition of module BSCAN_SPARTAN3 [C:/Xilinx/Vivado/2021.2/scripts/rt/data/unisim_comp.v:914]
CRITICAL WARNING: [Synth 8-2490] overwriting previous definition of module BSCAN_SPARTAN3A [C:/Xilinx/Vivado/2021.2/scripts/rt/data/unisim_comp.v:933]
CRITICAL WARNING: [Synth 8-2490] overwriting previous definition of module BSCAN_SPARTAN6 [C:/Xilinx/Vivado/2021.2/scripts/rt/data/unisim_comp.v:954]
CRITICAL WARNING: [Synth 8-2490] overwriting previous definition of module BSCAN_VIRTEX4 [C:/Xilinx/Vivado/2021.2/scripts/rt/data/unisim_comp.v:974]
CRITICAL WARNING: [Synth 8-2490] overwriting previous definition of module BSCAN_VIRTEX5 [C:/Xilinx/Vivado/2021.2/scripts/rt/data/unisim_comp.v:991]
CRITICAL WARNING: [Synth 8-2490] overwriting previous definition of module BSCAN_VIRTEX6 [C:/Xilinx/Vivado/2021.2/scripts/rt/data/unisim_comp.v:1008]
CRITICAL WARNING: [Synth 8-2490] overwriting previous definition of module BUF [C:/Xilinx/Vivado/2021.2/scripts/rt/data/unisim_comp.v:1029]
CRITICAL WARNING: [Synth 8-2490] overwriting previous definition of module BUFCE_LEAF [C:/Xilinx/Vivado/2021.2/scripts/rt/data/unisim_comp.v:1039]
CRITICAL WARNING: [Synth 8-2490] overwriting previous definition of module BUFCE_ROW [C:/Xilinx/Vivado/2021.2/scripts/rt/data/unisim_comp.v:1054]
CRITICAL WARNING: [Synth 8-2490] overwriting previous definition of module BUFDIV_LEAF [C:/Xilinx/Vivado/2021.2/scripts/rt/data/unisim_comp.v:1069]
CRITICAL WARNING: [Synth 8-2490] overwriting previous definition of module BUFG [C:/Xilinx/Vivado/2021.2/scripts/rt/data/unisim_comp.v:1083]
CRITICAL WARNING: [Synth 8-2490] overwriting previous definition of module BUFGCE [C:/Xilinx/Vivado/2021.2/scripts/rt/data/unisim_comp.v:1093]
CRITICAL WARNING: [Synth 8-2490] overwriting previous definition of module BUFGCE_1 [C:/Xilinx/Vivado/2021.2/scripts/rt/data/unisim_comp.v:1110]
CRITICAL WARNING: [Synth 8-2490] overwriting previous definition of module BUFGCE_DIV [C:/Xilinx/Vivado/2021.2/scripts/rt/data/unisim_comp.v:1122]
CRITICAL WARNING: [Synth 8-2490] overwriting previous definition of module BUFGCTRL [C:/Xilinx/Vivado/2021.2/scripts/rt/data/unisim_comp.v:1144]
CRITICAL WARNING: [Synth 8-2490] overwriting previous definition of module BUFGMUX [C:/Xilinx/Vivado/2021.2/scripts/rt/data/unisim_comp.v:1183]
CRITICAL WARNING: [Synth 8-2490] overwriting previous definition of module BUFGMUX_1 [C:/Xilinx/Vivado/2021.2/scripts/rt/data/unisim_comp.v:1198]
CRITICAL WARNING: [Synth 8-2490] overwriting previous definition of module BUFGMUX_CTRL [C:/Xilinx/Vivado/2021.2/scripts/rt/data/unisim_comp.v:1211]
CRITICAL WARNING: [Synth 8-2490] overwriting previous definition of module BUFGMUX_VIRTEX4 [C:/Xilinx/Vivado/2021.2/scripts/rt/data/unisim_comp.v:1225]
CRITICAL WARNING: [Synth 8-2490] overwriting previous definition of module BUFGP [C:/Xilinx/Vivado/2021.2/scripts/rt/data/unisim_comp.v:1239]
CRITICAL WARNING: [Synth 8-2490] overwriting previous definition of module BUFG_FABRIC [C:/Xilinx/Vivado/2021.2/scripts/rt/data/unisim_comp.v:1249]
CRITICAL WARNING: [Synth 8-2490] overwriting previous definition of module BUFG_GT [C:/Xilinx/Vivado/2021.2/scripts/rt/data/unisim_comp.v:1259]
CRITICAL WARNING: [Synth 8-2490] overwriting previous definition of module BUFG_GT_SYNC [C:/Xilinx/Vivado/2021.2/scripts/rt/data/unisim_comp.v:1281]
CRITICAL WARNING: [Synth 8-2490] overwriting previous definition of module BUFG_LB [C:/Xilinx/Vivado/2021.2/scripts/rt/data/unisim_comp.v:1297]
CRITICAL WARNING: [Synth 8-2490] overwriting previous definition of module BUFG_PS [C:/Xilinx/Vivado/2021.2/scripts/rt/data/unisim_comp.v:1307]
CRITICAL WARNING: [Synth 8-2490] overwriting previous definition of module BUFH [C:/Xilinx/Vivado/2021.2/scripts/rt/data/unisim_comp.v:1319]
CRITICAL WARNING: [Synth 8-2490] overwriting previous definition of module BUFHCE [C:/Xilinx/Vivado/2021.2/scripts/rt/data/unisim_comp.v:1329]
CRITICAL WARNING: [Synth 8-2490] overwriting previous definition of module BUFIO [C:/Xilinx/Vivado/2021.2/scripts/rt/data/unisim_comp.v:1344]
CRITICAL WARNING: [Synth 8-2490] overwriting previous definition of module BUFIO2 [C:/Xilinx/Vivado/2021.2/scripts/rt/data/unisim_comp.v:1354]
CRITICAL WARNING: [Synth 8-2490] overwriting previous definition of module BUFIODQS [C:/Xilinx/Vivado/2021.2/scripts/rt/data/unisim_comp.v:1372]
CRITICAL WARNING: [Synth 8-2490] overwriting previous definition of module BUFMR [C:/Xilinx/Vivado/2021.2/scripts/rt/data/unisim_comp.v:1385]
CRITICAL WARNING: [Synth 8-2490] overwriting previous definition of module BUFMRCE [C:/Xilinx/Vivado/2021.2/scripts/rt/data/unisim_comp.v:1395]
CRITICAL WARNING: [Synth 8-2490] overwriting previous definition of module BUFR [C:/Xilinx/Vivado/2021.2/scripts/rt/data/unisim_comp.v:1410]
CRITICAL WARNING: [Synth 8-2490] overwriting previous definition of module CAPTUREE2 [C:/Xilinx/Vivado/2021.2/scripts/rt/data/unisim_comp.v:1426]
CRITICAL WARNING: [Synth 8-2490] overwriting previous definition of module CAPTURE_SPARTAN3 [C:/Xilinx/Vivado/2021.2/scripts/rt/data/unisim_comp.v:1437]
CRITICAL WARNING: [Synth 8-2490] overwriting previous definition of module CAPTURE_SPARTAN3A [C:/Xilinx/Vivado/2021.2/scripts/rt/data/unisim_comp.v:1447]
CRITICAL WARNING: [Synth 8-2490] overwriting previous definition of module CAPTURE_VIRTEX4 [C:/Xilinx/Vivado/2021.2/scripts/rt/data/unisim_comp.v:1457]
CRITICAL WARNING: [Synth 8-2490] overwriting previous definition of module CAPTURE_VIRTEX5 [C:/Xilinx/Vivado/2021.2/scripts/rt/data/unisim_comp.v:1467]
CRITICAL WARNING: [Synth 8-2490] overwriting previous definition of module CAPTURE_VIRTEX6 [C:/Xilinx/Vivado/2021.2/scripts/rt/data/unisim_comp.v:1477]
CRITICAL WARNING: [Synth 8-2490] overwriting previous definition of module CARRY4 [C:/Xilinx/Vivado/2021.2/scripts/rt/data/unisim_comp.v:1487]
CRITICAL WARNING: [Synth 8-2490] overwriting previous definition of module CARRY8 [C:/Xilinx/Vivado/2021.2/scripts/rt/data/unisim_comp.v:1505]
CRITICAL WARNING: [Synth 8-2490] overwriting previous definition of module CFGLUT5 [C:/Xilinx/Vivado/2021.2/scripts/rt/data/unisim_comp.v:1524]
CRITICAL WARNING: [Synth 8-2490] overwriting previous definition of module CLKDLL [C:/Xilinx/Vivado/2021.2/scripts/rt/data/unisim_comp.v:1554]
CRITICAL WARNING: [Synth 8-2490] overwriting previous definition of module CLKDLLE [C:/Xilinx/Vivado/2021.2/scripts/rt/data/unisim_comp.v:1584]
CRITICAL WARNING: [Synth 8-2490] overwriting previous definition of module CLKDLLHF [C:/Xilinx/Vivado/2021.2/scripts/rt/data/unisim_comp.v:1616]
CRITICAL WARNING: [Synth 8-2490] overwriting previous definition of module CMAC [C:/Xilinx/Vivado/2021.2/scripts/rt/data/unisim_comp.v:1640]
CRITICAL WARNING: [Synth 8-2490] overwriting previous definition of module CMACE4 [C:/Xilinx/Vivado/2021.2/scripts/rt/data/unisim_comp.v:2450]
CRITICAL WARNING: [Synth 8-2490] overwriting previous definition of module CPM [C:/Xilinx/Vivado/2021.2/scripts/rt/data/unisim_comp.v:3366]
CRITICAL WARNING: [Synth 8-2490] overwriting previous definition of module CPM5 [C:/Xilinx/Vivado/2021.2/scripts/rt/data/unisim_comp.v:6592]
CRITICAL WARNING: [Synth 8-2490] overwriting previous definition of module CPM_EXT [C:/Xilinx/Vivado/2021.2/scripts/rt/data/unisim_comp.v:17039]
CRITICAL WARNING: [Synth 8-2490] overwriting previous definition of module CPM_MAIN [C:/Xilinx/Vivado/2021.2/scripts/rt/data/unisim_comp.v:17811]
CRITICAL WARNING: [Synth 8-2490] overwriting previous definition of module DCIRESET [C:/Xilinx/Vivado/2021.2/scripts/rt/data/unisim_comp.v:21051]
CRITICAL WARNING: [Synth 8-2490] overwriting previous definition of module DCM [C:/Xilinx/Vivado/2021.2/scripts/rt/data/unisim_comp.v:21061]
CRITICAL WARNING: [Synth 8-2490] overwriting previous definition of module DCMAC [C:/Xilinx/Vivado/2021.2/scripts/rt/data/unisim_comp.v:21107]
CRITICAL WARNING: [Synth 8-2490] overwriting previous definition of module DCM_ADV [C:/Xilinx/Vivado/2021.2/scripts/rt/data/unisim_comp.v:23941]
CRITICAL WARNING: [Synth 8-2490] overwriting previous definition of module DCM_BASE [C:/Xilinx/Vivado/2021.2/scripts/rt/data/unisim_comp.v:24012]
CRITICAL WARNING: [Synth 8-2490] overwriting previous definition of module DCM_PS [C:/Xilinx/Vivado/2021.2/scripts/rt/data/unisim_comp.v:24060]
CRITICAL WARNING: [Synth 8-2490] overwriting previous definition of module DCM_SP [C:/Xilinx/Vivado/2021.2/scripts/rt/data/unisim_comp.v:24118]
CRITICAL WARNING: [Synth 8-2490] overwriting previous definition of module DDRMC [C:/Xilinx/Vivado/2021.2/scripts/rt/data/unisim_comp.v:24163]
CRITICAL WARNING: [Synth 8-2490] overwriting previous definition of module DDRMC_RIU [C:/Xilinx/Vivado/2021.2/scripts/rt/data/unisim_comp.v:25217]
CRITICAL WARNING: [Synth 8-2490] overwriting previous definition of module DFE_CFR [C:/Xilinx/Vivado/2021.2/scripts/rt/data/unisim_comp.v:25265]
CRITICAL WARNING: [Synth 8-2490] overwriting previous definition of module DFE_DUC_DDC [C:/Xilinx/Vivado/2021.2/scripts/rt/data/unisim_comp.v:25406]
CRITICAL WARNING: [Synth 8-2490] overwriting previous definition of module DFE_FFT [C:/Xilinx/Vivado/2021.2/scripts/rt/data/unisim_comp.v:25699]
INFO: [Common 17-14] Message 'Synth 8-2490' appears 100 times and further instances of the messages will be disabled. Use the Tcl command set_msg_config to change the current settings.
---------------------------------------------------------------------------------
Starting RTL Elaboration : Time (s): cpu = 00:00:04 ; elapsed = 00:00:03 . Memory (MB): peak = 2105.488 ; gain = 65.242
---------------------------------------------------------------------------------
INFO: [Synth 8-6157] synthesizing module 'cpu' [C:/dev/fpga_proj/_mini/cpu/cpu_ip/cpu_ip.srcs/sources_1/new/cpu.v:3]
ERROR: [Synth 8-91] ambiguous clock in event control [C:/dev/fpga_proj/_mini/cpu/cpu_ip/cpu_ip.srcs/sources_1/new/cpu.v:44]
ERROR: [Synth 8-6156] failed synthesizing module 'cpu' [C:/dev/fpga_proj/_mini/cpu/cpu_ip/cpu_ip.srcs/sources_1/new/cpu.v:3]
---------------------------------------------------------------------------------
Finished RTL Elaboration : Time (s): cpu = 00:00:05 ; elapsed = 00:00:05 . Memory (MB): peak = 2117.320 ; gain = 77.074
---------------------------------------------------------------------------------
RTL Elaboration failed
2 Infos, 0 Warnings, 100 Critical Warnings and 3 Errors encountered.
synth_design failed
ERROR: [Vivado_Tcl 4-5] Elaboration failed - please see the console for details
synth_design -rtl -rtl_skip_mlo -name rtl_1
Command: synth_design -rtl -rtl_skip_mlo -name rtl_1
Starting synth_design
Using part: xc7z020clg400-1
Top: cpu
---------------------------------------------------------------------------------
Starting RTL Elaboration : Time (s): cpu = 00:00:03 ; elapsed = 00:00:03 . Memory (MB): peak = 2117.320 ; gain = 0.000
---------------------------------------------------------------------------------
INFO: [Synth 8-6157] synthesizing module 'cpu' [C:/dev/fpga_proj/_mini/cpu/cpu_ip/cpu_ip.srcs/sources_1/new/cpu.v:3]
ERROR: [Synth 8-91] ambiguous clock in event control [C:/dev/fpga_proj/_mini/cpu/cpu_ip/cpu_ip.srcs/sources_1/new/cpu.v:44]
ERROR: [Synth 8-6156] failed synthesizing module 'cpu' [C:/dev/fpga_proj/_mini/cpu/cpu_ip/cpu_ip.srcs/sources_1/new/cpu.v:3]
---------------------------------------------------------------------------------
Finished RTL Elaboration : Time (s): cpu = 00:00:04 ; elapsed = 00:00:04 . Memory (MB): peak = 2117.320 ; gain = 0.000
---------------------------------------------------------------------------------
RTL Elaboration failed
1 Infos, 0 Warnings, 0 Critical Warnings and 3 Errors encountered.
synth_design failed
ERROR: [Vivado_Tcl 4-5] Elaboration failed - please see the console for details
exit
INFO: [Common 17-206] Exiting Vivado at Thu Sep  8 12:48:47 2022...
