
*** Running vivado
    with args -log design_1_lab13_matbi_0_0.vds -m64 -product Vivado -mode batch -messageDb vivado.pb -notrace -source design_1_lab13_matbi_0_0.tcl



****** Vivado v2022.1 (64-bit)
  **** SW Build 3526262 on Mon Apr 18 15:48:16 MDT 2022
  **** IP Build 3524634 on Mon Apr 18 20:55:01 MDT 2022
    ** Copyright 1986-2022 Xilinx, Inc. All Rights Reserved.

source design_1_lab13_matbi_0_0.tcl -notrace
INFO: [IP_Flow 19-234] Refreshing IP repositories
INFO: [IP_Flow 19-1700] Loaded user IP repository 'c:/dev/fpga_proj/lab13/13_bram_axi4_lite_lab_ip'.
INFO: [IP_Flow 19-2313] Loaded Vivado IP repository 'C:/Xilinx/Vivado/2022.1/data/ip'.
WARNING: [IP_Flow 19-4995] The host OS only allows 260 characters in a normal path. The IP cache path is more than 80 characters. If you experience issues with IP caching, please consider changing the IP cache to a location with a shorter path. Alternately consider using the OS subst command to map part of the path to a drive letter. 
Current IP cache path is c:/dev/fpga_proj/lab13/13_bram_axi4_lite_lab_project/13_bram_axi4_lite_lab_project.cache/ip 
Command: synth_design -top design_1_lab13_matbi_0_0 -part xc7z020clg400-1 -incremental_mode off -mode out_of_context
Starting synth_design
Attempting to get a license for feature 'Synthesis' and/or device 'xc7z020'
INFO: [Common 17-349] Got license for feature 'Synthesis' and/or device 'xc7z020'
INFO: [Device 21-403] Loading part xc7z020clg400-1
INFO: [Synth 8-7079] Multithreading enabled for synth_design using a maximum of 2 processes.
INFO: [Synth 8-7078] Launching helper process for spawning children vivado processes
INFO: [Synth 8-7075] Helper process launched with PID 17984
---------------------------------------------------------------------------------
Starting RTL Elaboration : Time (s): cpu = 00:00:06 ; elapsed = 00:00:08 . Memory (MB): peak = 1676.477 ; gain = 0.000
---------------------------------------------------------------------------------
INFO: [Synth 8-6157] synthesizing module 'design_1_lab13_matbi_0_0' [c:/dev/fpga_proj/lab13/13_bram_axi4_lite_lab_project/13_bram_axi4_lite_lab_project.gen/sources_1/bd/design_1/ip/design_1_lab13_matbi_0_0/synth/design_1_lab13_matbi_0_0.v:53]
INFO: [Synth 8-6157] synthesizing module 'lab13_matbi' [c:/dev/fpga_proj/lab13/13_bram_axi4_lite_lab_project/13_bram_axi4_lite_lab_project.gen/sources_1/bd/design_1/ipshared/db45/lab13_matbi.v:21]
INFO: [Synth 8-6157] synthesizing module 'myip_v1_0' [c:/dev/fpga_proj/lab13/13_bram_axi4_lite_lab_project/13_bram_axi4_lite_lab_project.gen/sources_1/bd/design_1/ipshared/db45/myip_v1_0.v:5]
INFO: [Synth 8-6157] synthesizing module 'myip_v1_0_S00_AXI' [c:/dev/fpga_proj/lab13/13_bram_axi4_lite_lab_project/13_bram_axi4_lite_lab_project.gen/sources_1/bd/design_1/ipshared/db45/myip_v1_0_S00_AXI.v:4]
WARNING: [Synth 8-151] case item 4'b0100 is unreachable [c:/dev/fpga_proj/lab13/13_bram_axi4_lite_lab_project/13_bram_axi4_lite_lab_project.gen/sources_1/bd/design_1/ipshared/db45/myip_v1_0_S00_AXI.v:313]
WARNING: [Synth 8-151] case item 4'b0101 is unreachable [c:/dev/fpga_proj/lab13/13_bram_axi4_lite_lab_project/13_bram_axi4_lite_lab_project.gen/sources_1/bd/design_1/ipshared/db45/myip_v1_0_S00_AXI.v:320]
WARNING: [Synth 8-151] case item 4'b0110 is unreachable [c:/dev/fpga_proj/lab13/13_bram_axi4_lite_lab_project/13_bram_axi4_lite_lab_project.gen/sources_1/bd/design_1/ipshared/db45/myip_v1_0_S00_AXI.v:327]
WARNING: [Synth 8-151] case item 4'b0111 is unreachable [c:/dev/fpga_proj/lab13/13_bram_axi4_lite_lab_project/13_bram_axi4_lite_lab_project.gen/sources_1/bd/design_1/ipshared/db45/myip_v1_0_S00_AXI.v:334]
WARNING: [Synth 8-151] case item 4'b1000 is unreachable [c:/dev/fpga_proj/lab13/13_bram_axi4_lite_lab_project/13_bram_axi4_lite_lab_project.gen/sources_1/bd/design_1/ipshared/db45/myip_v1_0_S00_AXI.v:341]
WARNING: [Synth 8-151] case item 4'b1001 is unreachable [c:/dev/fpga_proj/lab13/13_bram_axi4_lite_lab_project/13_bram_axi4_lite_lab_project.gen/sources_1/bd/design_1/ipshared/db45/myip_v1_0_S00_AXI.v:348]
WARNING: [Synth 8-151] case item 4'b1010 is unreachable [c:/dev/fpga_proj/lab13/13_bram_axi4_lite_lab_project/13_bram_axi4_lite_lab_project.gen/sources_1/bd/design_1/ipshared/db45/myip_v1_0_S00_AXI.v:355]
WARNING: [Synth 8-151] case item 4'b1011 is unreachable [c:/dev/fpga_proj/lab13/13_bram_axi4_lite_lab_project/13_bram_axi4_lite_lab_project.gen/sources_1/bd/design_1/ipshared/db45/myip_v1_0_S00_AXI.v:362]
WARNING: [Synth 8-151] case item 4'b1100 is unreachable [c:/dev/fpga_proj/lab13/13_bram_axi4_lite_lab_project/13_bram_axi4_lite_lab_project.gen/sources_1/bd/design_1/ipshared/db45/myip_v1_0_S00_AXI.v:369]
WARNING: [Synth 8-151] case item 4'b1101 is unreachable [c:/dev/fpga_proj/lab13/13_bram_axi4_lite_lab_project/13_bram_axi4_lite_lab_project.gen/sources_1/bd/design_1/ipshared/db45/myip_v1_0_S00_AXI.v:376]
WARNING: [Synth 8-151] case item 4'b1110 is unreachable [c:/dev/fpga_proj/lab13/13_bram_axi4_lite_lab_project/13_bram_axi4_lite_lab_project.gen/sources_1/bd/design_1/ipshared/db45/myip_v1_0_S00_AXI.v:383]
WARNING: [Synth 8-151] case item 4'b1111 is unreachable [c:/dev/fpga_proj/lab13/13_bram_axi4_lite_lab_project/13_bram_axi4_lite_lab_project.gen/sources_1/bd/design_1/ipshared/db45/myip_v1_0_S00_AXI.v:390]
WARNING: [Synth 8-151] case item 4'b0100 is unreachable [c:/dev/fpga_proj/lab13/13_bram_axi4_lite_lab_project/13_bram_axi4_lite_lab_project.gen/sources_1/bd/design_1/ipshared/db45/myip_v1_0_S00_AXI.v:571]
WARNING: [Synth 8-151] case item 4'b0101 is unreachable [c:/dev/fpga_proj/lab13/13_bram_axi4_lite_lab_project/13_bram_axi4_lite_lab_project.gen/sources_1/bd/design_1/ipshared/db45/myip_v1_0_S00_AXI.v:572]
WARNING: [Synth 8-151] case item 4'b0110 is unreachable [c:/dev/fpga_proj/lab13/13_bram_axi4_lite_lab_project/13_bram_axi4_lite_lab_project.gen/sources_1/bd/design_1/ipshared/db45/myip_v1_0_S00_AXI.v:573]
WARNING: [Synth 8-151] case item 4'b0111 is unreachable [c:/dev/fpga_proj/lab13/13_bram_axi4_lite_lab_project/13_bram_axi4_lite_lab_project.gen/sources_1/bd/design_1/ipshared/db45/myip_v1_0_S00_AXI.v:574]
WARNING: [Synth 8-151] case item 4'b1000 is unreachable [c:/dev/fpga_proj/lab13/13_bram_axi4_lite_lab_project/13_bram_axi4_lite_lab_project.gen/sources_1/bd/design_1/ipshared/db45/myip_v1_0_S00_AXI.v:575]
WARNING: [Synth 8-151] case item 4'b1001 is unreachable [c:/dev/fpga_proj/lab13/13_bram_axi4_lite_lab_project/13_bram_axi4_lite_lab_project.gen/sources_1/bd/design_1/ipshared/db45/myip_v1_0_S00_AXI.v:576]
WARNING: [Synth 8-151] case item 4'b1010 is unreachable [c:/dev/fpga_proj/lab13/13_bram_axi4_lite_lab_project/13_bram_axi4_lite_lab_project.gen/sources_1/bd/design_1/ipshared/db45/myip_v1_0_S00_AXI.v:577]
WARNING: [Synth 8-151] case item 4'b1011 is unreachable [c:/dev/fpga_proj/lab13/13_bram_axi4_lite_lab_project/13_bram_axi4_lite_lab_project.gen/sources_1/bd/design_1/ipshared/db45/myip_v1_0_S00_AXI.v:578]
WARNING: [Synth 8-151] case item 4'b1100 is unreachable [c:/dev/fpga_proj/lab13/13_bram_axi4_lite_lab_project/13_bram_axi4_lite_lab_project.gen/sources_1/bd/design_1/ipshared/db45/myip_v1_0_S00_AXI.v:579]
WARNING: [Synth 8-151] case item 4'b1101 is unreachable [c:/dev/fpga_proj/lab13/13_bram_axi4_lite_lab_project/13_bram_axi4_lite_lab_project.gen/sources_1/bd/design_1/ipshared/db45/myip_v1_0_S00_AXI.v:580]
WARNING: [Synth 8-151] case item 4'b1110 is unreachable [c:/dev/fpga_proj/lab13/13_bram_axi4_lite_lab_project/13_bram_axi4_lite_lab_project.gen/sources_1/bd/design_1/ipshared/db45/myip_v1_0_S00_AXI.v:581]
WARNING: [Synth 8-151] case item 4'b1111 is unreachable [c:/dev/fpga_proj/lab13/13_bram_axi4_lite_lab_project/13_bram_axi4_lite_lab_project.gen/sources_1/bd/design_1/ipshared/db45/myip_v1_0_S00_AXI.v:582]
INFO: [Synth 8-226] default block is never used [c:/dev/fpga_proj/lab13/13_bram_axi4_lite_lab_project/13_bram_axi4_lite_lab_project.gen/sources_1/bd/design_1/ipshared/db45/myip_v1_0_S00_AXI.v:565]
INFO: [Synth 8-6155] done synthesizing module 'myip_v1_0_S00_AXI' (0#1) [c:/dev/fpga_proj/lab13/13_bram_axi4_lite_lab_project/13_bram_axi4_lite_lab_project.gen/sources_1/bd/design_1/ipshared/db45/myip_v1_0_S00_AXI.v:4]
INFO: [Synth 8-6155] done synthesizing module 'myip_v1_0' (0#1) [c:/dev/fpga_proj/lab13/13_bram_axi4_lite_lab_project/13_bram_axi4_lite_lab_project.gen/sources_1/bd/design_1/ipshared/db45/myip_v1_0.v:5]
INFO: [Synth 8-6157] synthesizing module 'fsm_counter_test' [c:/dev/fpga_proj/lab13/13_bram_axi4_lite_lab_project/13_bram_axi4_lite_lab_project.gen/sources_1/bd/design_1/ipshared/db45/fsm_counter_test.v:26]
INFO: [Synth 8-155] case statement is not full and has no default [c:/dev/fpga_proj/lab13/13_bram_axi4_lite_lab_project/13_bram_axi4_lite_lab_project.gen/sources_1/bd/design_1/ipshared/db45/fsm_counter_test.v:68]
INFO: [Synth 8-155] case statement is not full and has no default [c:/dev/fpga_proj/lab13/13_bram_axi4_lite_lab_project/13_bram_axi4_lite_lab_project.gen/sources_1/bd/design_1/ipshared/db45/fsm_counter_test.v:84]
INFO: [Synth 8-6155] done synthesizing module 'fsm_counter_test' (0#1) [c:/dev/fpga_proj/lab13/13_bram_axi4_lite_lab_project/13_bram_axi4_lite_lab_project.gen/sources_1/bd/design_1/ipshared/db45/fsm_counter_test.v:26]
INFO: [Synth 8-6157] synthesizing module 'true_sync_dpbram' [c:/dev/fpga_proj/lab13/13_bram_axi4_lite_lab_project/13_bram_axi4_lite_lab_project.gen/sources_1/bd/design_1/ipshared/db45/true_sync_dpbram.v:21]
INFO: [Synth 8-6155] done synthesizing module 'true_sync_dpbram' (0#1) [c:/dev/fpga_proj/lab13/13_bram_axi4_lite_lab_project/13_bram_axi4_lite_lab_project.gen/sources_1/bd/design_1/ipshared/db45/true_sync_dpbram.v:21]
INFO: [Synth 8-6155] done synthesizing module 'lab13_matbi' (0#1) [c:/dev/fpga_proj/lab13/13_bram_axi4_lite_lab_project/13_bram_axi4_lite_lab_project.gen/sources_1/bd/design_1/ipshared/db45/lab13_matbi.v:21]
INFO: [Synth 8-6155] done synthesizing module 'design_1_lab13_matbi_0_0' (0#1) [c:/dev/fpga_proj/lab13/13_bram_axi4_lite_lab_project/13_bram_axi4_lite_lab_project.gen/sources_1/bd/design_1/ip/design_1_lab13_matbi_0_0/synth/design_1_lab13_matbi_0_0.v:53]
WARNING: [Synth 8-6014] Unused sequential element slv_reg3_reg was removed.  [c:/dev/fpga_proj/lab13/13_bram_axi4_lite_lab_project/13_bram_axi4_lite_lab_project.gen/sources_1/bd/design_1/ipshared/db45/myip_v1_0_S00_AXI.v:266]
WARNING: [Synth 8-6014] Unused sequential element slv_reg4_reg was removed.  [c:/dev/fpga_proj/lab13/13_bram_axi4_lite_lab_project/13_bram_axi4_lite_lab_project.gen/sources_1/bd/design_1/ipshared/db45/myip_v1_0_S00_AXI.v:267]
WARNING: [Synth 8-6014] Unused sequential element slv_reg5_reg was removed.  [c:/dev/fpga_proj/lab13/13_bram_axi4_lite_lab_project/13_bram_axi4_lite_lab_project.gen/sources_1/bd/design_1/ipshared/db45/myip_v1_0_S00_AXI.v:268]
WARNING: [Synth 8-6014] Unused sequential element slv_reg6_reg was removed.  [c:/dev/fpga_proj/lab13/13_bram_axi4_lite_lab_project/13_bram_axi4_lite_lab_project.gen/sources_1/bd/design_1/ipshared/db45/myip_v1_0_S00_AXI.v:269]
WARNING: [Synth 8-6014] Unused sequential element slv_reg7_reg was removed.  [c:/dev/fpga_proj/lab13/13_bram_axi4_lite_lab_project/13_bram_axi4_lite_lab_project.gen/sources_1/bd/design_1/ipshared/db45/myip_v1_0_S00_AXI.v:270]
WARNING: [Synth 8-6014] Unused sequential element slv_reg8_reg was removed.  [c:/dev/fpga_proj/lab13/13_bram_axi4_lite_lab_project/13_bram_axi4_lite_lab_project.gen/sources_1/bd/design_1/ipshared/db45/myip_v1_0_S00_AXI.v:271]
WARNING: [Synth 8-6014] Unused sequential element slv_reg9_reg was removed.  [c:/dev/fpga_proj/lab13/13_bram_axi4_lite_lab_project/13_bram_axi4_lite_lab_project.gen/sources_1/bd/design_1/ipshared/db45/myip_v1_0_S00_AXI.v:272]
WARNING: [Synth 8-6014] Unused sequential element slv_rega_reg was removed.  [c:/dev/fpga_proj/lab13/13_bram_axi4_lite_lab_project/13_bram_axi4_lite_lab_project.gen/sources_1/bd/design_1/ipshared/db45/myip_v1_0_S00_AXI.v:273]
WARNING: [Synth 8-6014] Unused sequential element slv_regb_reg was removed.  [c:/dev/fpga_proj/lab13/13_bram_axi4_lite_lab_project/13_bram_axi4_lite_lab_project.gen/sources_1/bd/design_1/ipshared/db45/myip_v1_0_S00_AXI.v:274]
WARNING: [Synth 8-6014] Unused sequential element slv_regc_reg was removed.  [c:/dev/fpga_proj/lab13/13_bram_axi4_lite_lab_project/13_bram_axi4_lite_lab_project.gen/sources_1/bd/design_1/ipshared/db45/myip_v1_0_S00_AXI.v:275]
WARNING: [Synth 8-6014] Unused sequential element slv_regd_reg was removed.  [c:/dev/fpga_proj/lab13/13_bram_axi4_lite_lab_project/13_bram_axi4_lite_lab_project.gen/sources_1/bd/design_1/ipshared/db45/myip_v1_0_S00_AXI.v:276]
WARNING: [Synth 8-6014] Unused sequential element slv_rege_reg was removed.  [c:/dev/fpga_proj/lab13/13_bram_axi4_lite_lab_project/13_bram_axi4_lite_lab_project.gen/sources_1/bd/design_1/ipshared/db45/myip_v1_0_S00_AXI.v:277]
WARNING: [Synth 8-6014] Unused sequential element slv_regf_reg was removed.  [c:/dev/fpga_proj/lab13/13_bram_axi4_lite_lab_project/13_bram_axi4_lite_lab_project.gen/sources_1/bd/design_1/ipshared/db45/myip_v1_0_S00_AXI.v:278]
WARNING: [Synth 8-7129] Port S_AXI_AWPROT[2] in module myip_v1_0_S00_AXI is either unconnected or has no load
WARNING: [Synth 8-7129] Port S_AXI_AWPROT[1] in module myip_v1_0_S00_AXI is either unconnected or has no load
WARNING: [Synth 8-7129] Port S_AXI_AWPROT[0] in module myip_v1_0_S00_AXI is either unconnected or has no load
WARNING: [Synth 8-7129] Port S_AXI_ARPROT[2] in module myip_v1_0_S00_AXI is either unconnected or has no load
WARNING: [Synth 8-7129] Port S_AXI_ARPROT[1] in module myip_v1_0_S00_AXI is either unconnected or has no load
WARNING: [Synth 8-7129] Port S_AXI_ARPROT[0] in module myip_v1_0_S00_AXI is either unconnected or has no load
---------------------------------------------------------------------------------
Finished RTL Elaboration : Time (s): cpu = 00:00:07 ; elapsed = 00:00:10 . Memory (MB): peak = 1676.477 ; gain = 0.000
---------------------------------------------------------------------------------
---------------------------------------------------------------------------------
Start Handling Custom Attributes
---------------------------------------------------------------------------------
---------------------------------------------------------------------------------
Finished Handling Custom Attributes : Time (s): cpu = 00:00:07 ; elapsed = 00:00:10 . Memory (MB): peak = 1676.477 ; gain = 0.000
---------------------------------------------------------------------------------
---------------------------------------------------------------------------------
Finished RTL Optimization Phase 1 : Time (s): cpu = 00:00:07 ; elapsed = 00:00:10 . Memory (MB): peak = 1676.477 ; gain = 0.000
---------------------------------------------------------------------------------
Netlist sorting complete. Time (s): cpu = 00:00:00 ; elapsed = 00:00:00.019 . Memory (MB): peak = 1676.477 ; gain = 0.000
INFO: [Project 1-570] Preparing netlist for logic optimization

Processing XDC Constraints
Initializing timing engine
Completed Processing XDC Constraints

Netlist sorting complete. Time (s): cpu = 00:00:00 ; elapsed = 00:00:00.001 . Memory (MB): peak = 1713.391 ; gain = 0.000
INFO: [Project 1-111] Unisim Transformation Summary:
No Unisim elements were transformed.

Constraint Validation Runtime : Time (s): cpu = 00:00:00 ; elapsed = 00:00:00.035 . Memory (MB): peak = 1713.391 ; gain = 0.000
INFO: [Designutils 20-5008] Incremental synthesis strategy off
---------------------------------------------------------------------------------
Finished Constraint Validation : Time (s): cpu = 00:00:14 ; elapsed = 00:00:18 . Memory (MB): peak = 1713.391 ; gain = 36.914
---------------------------------------------------------------------------------
---------------------------------------------------------------------------------
Start Loading Part and Timing Information
---------------------------------------------------------------------------------
Loading part: xc7z020clg400-1
---------------------------------------------------------------------------------
Finished Loading Part and Timing Information : Time (s): cpu = 00:00:14 ; elapsed = 00:00:18 . Memory (MB): peak = 1713.391 ; gain = 36.914
---------------------------------------------------------------------------------
---------------------------------------------------------------------------------
Start Applying 'set_property' XDC Constraints
---------------------------------------------------------------------------------
---------------------------------------------------------------------------------
Finished applying 'set_property' XDC Constraints : Time (s): cpu = 00:00:14 ; elapsed = 00:00:18 . Memory (MB): peak = 1713.391 ; gain = 36.914
---------------------------------------------------------------------------------
INFO: [Synth 8-802] inferred FSM for state register 'c_state_reg' in module 'fsm_counter_test'
---------------------------------------------------------------------------------------------------
                   State |                     New Encoding |                Previous Encoding 
---------------------------------------------------------------------------------------------------
                  S_IDLE |                              001 |                               00
                   S_RUN |                              010 |                               01
                  S_DONE |                              100 |                               10
---------------------------------------------------------------------------------------------------
INFO: [Synth 8-3354] encoded FSM with state register 'c_state_reg' using encoding 'one-hot' in module 'fsm_counter_test'
INFO: [Synth 8-3971] The signal "true_sync_dpbram:/ram_reg" was recognized as a true dual port RAM template.
---------------------------------------------------------------------------------
Finished RTL Optimization Phase 2 : Time (s): cpu = 00:00:15 ; elapsed = 00:00:18 . Memory (MB): peak = 1713.391 ; gain = 36.914
---------------------------------------------------------------------------------
---------------------------------------------------------------------------------
Start RTL Component Statistics 
---------------------------------------------------------------------------------
Detailed RTL Component Info : 
+---Adders : 
	   2 Input   32 Bit       Adders := 1     
	   2 Input    9 Bit       Adders := 1     
+---Registers : 
	               32 Bit    Registers := 6     
	               31 Bit    Registers := 1     
	                9 Bit    Registers := 1     
	                6 Bit    Registers := 2     
	                2 Bit    Registers := 2     
	                1 Bit    Registers := 10    
+---RAMs : 
	              16K Bit	(512 X 32 bit)          RAMs := 1     
+---Muxes : 
	   2 Input   32 Bit        Muxes := 2     
	   4 Input   32 Bit        Muxes := 3     
	   2 Input   31 Bit        Muxes := 1     
	   2 Input    9 Bit        Muxes := 1     
	   3 Input    3 Bit        Muxes := 1     
	   2 Input    3 Bit        Muxes := 2     
	   2 Input    1 Bit        Muxes := 9     
---------------------------------------------------------------------------------
Finished RTL Component Statistics 
---------------------------------------------------------------------------------
---------------------------------------------------------------------------------
Start Part Resource Summary
---------------------------------------------------------------------------------
Part Resources:
DSPs: 220 (col length:60)
BRAMs: 280 (col length: RAMB18 60 RAMB36 30)
---------------------------------------------------------------------------------
Finished Part Resource Summary
---------------------------------------------------------------------------------
---------------------------------------------------------------------------------
Start Cross Boundary and Area Optimization
---------------------------------------------------------------------------------
WARNING: [Synth 8-7080] Parallel synthesis criteria is not met
WARNING: [Synth 8-7129] Port s00_axi_awprot[2] in module design_1_lab13_matbi_0_0 is either unconnected or has no load
WARNING: [Synth 8-7129] Port s00_axi_awprot[1] in module design_1_lab13_matbi_0_0 is either unconnected or has no load
WARNING: [Synth 8-7129] Port s00_axi_awprot[0] in module design_1_lab13_matbi_0_0 is either unconnected or has no load
WARNING: [Synth 8-7129] Port s00_axi_arprot[2] in module design_1_lab13_matbi_0_0 is either unconnected or has no load
WARNING: [Synth 8-7129] Port s00_axi_arprot[1] in module design_1_lab13_matbi_0_0 is either unconnected or has no load
WARNING: [Synth 8-7129] Port s00_axi_arprot[0] in module design_1_lab13_matbi_0_0 is either unconnected or has no load
INFO: [Synth 8-3971] The signal "design_1_lab13_matbi_0_0/inst/u_mem0/ram_reg" was recognized as a true dual port RAM template.
---------------------------------------------------------------------------------
Finished Cross Boundary and Area Optimization : Time (s): cpu = 00:00:17 ; elapsed = 00:00:20 . Memory (MB): peak = 1713.391 ; gain = 36.914
---------------------------------------------------------------------------------
---------------------------------------------------------------------------------
Start ROM, RAM, DSP, Shift Register and Retiming Reporting
---------------------------------------------------------------------------------

Block RAM: Preliminary Mapping Report (see note below)
+-------------------------+---------------------+------------------------+---+---+------------------------+---+---+------------------+--------+--------+
|Module Name              | RTL Object          | PORT A (Depth x Width) | W | R | PORT B (Depth x Width) | W | R | Ports driving FF | RAMB18 | RAMB36 | 
+-------------------------+---------------------+------------------------+---+---+------------------------+---+---+------------------+--------+--------+
|design_1_lab13_matbi_0_0 | inst/u_mem0/ram_reg | 512 x 32(NO_CHANGE)    | W | R | 512 x 32(READ_FIRST)   | W |   | Port A and B     | 0      | 1      | 
+-------------------------+---------------------+------------------------+---+---+------------------------+---+---+------------------+--------+--------+

Note: The table above is a preliminary report that shows the Block RAMs at the current stage of the synthesis flow. Some Block RAMs may be reimplemented as non Block RAM primitives later in the synthesis flow. Multiple instantiated Block RAMs are reported only once. 
---------------------------------------------------------------------------------
Finished ROM, RAM, DSP, Shift Register and Retiming Reporting
---------------------------------------------------------------------------------
---------------------------------------------------------------------------------
Start Applying XDC Timing Constraints
---------------------------------------------------------------------------------
---------------------------------------------------------------------------------
Finished Applying XDC Timing Constraints : Time (s): cpu = 00:00:22 ; elapsed = 00:00:26 . Memory (MB): peak = 1713.391 ; gain = 36.914
---------------------------------------------------------------------------------
---------------------------------------------------------------------------------
Start Timing Optimization
---------------------------------------------------------------------------------
---------------------------------------------------------------------------------
Finished Timing Optimization : Time (s): cpu = 00:00:22 ; elapsed = 00:00:26 . Memory (MB): peak = 1713.391 ; gain = 36.914
---------------------------------------------------------------------------------
---------------------------------------------------------------------------------
Start ROM, RAM, DSP, Shift Register and Retiming Reporting
---------------------------------------------------------------------------------

Block RAM: Final Mapping Report
+-------------------------+---------------------+------------------------+---+---+------------------------+---+---+------------------+--------+--------+
|Module Name              | RTL Object          | PORT A (Depth x Width) | W | R | PORT B (Depth x Width) | W | R | Ports driving FF | RAMB18 | RAMB36 | 
+-------------------------+---------------------+------------------------+---+---+------------------------+---+---+------------------+--------+--------+
|design_1_lab13_matbi_0_0 | inst/u_mem0/ram_reg | 512 x 32(NO_CHANGE)    | W | R | 512 x 32(READ_FIRST)   | W |   | Port A and B     | 0      | 1      | 
+-------------------------+---------------------+------------------------+---+---+------------------------+---+---+------------------+--------+--------+

---------------------------------------------------------------------------------
Finished ROM, RAM, DSP, Shift Register and Retiming Reporting
---------------------------------------------------------------------------------
---------------------------------------------------------------------------------
Start Technology Mapping
---------------------------------------------------------------------------------
INFO: [Synth 8-7052] The timing for the instance inst/u_mem0/ram_reg (implemented as a Block RAM) might be sub-optimal as no optional output register could be merged into the ram block. Providing additional output register may help in improving timing.
---------------------------------------------------------------------------------
Finished Technology Mapping : Time (s): cpu = 00:00:22 ; elapsed = 00:00:26 . Memory (MB): peak = 1713.391 ; gain = 36.914
---------------------------------------------------------------------------------
---------------------------------------------------------------------------------
Start IO Insertion
---------------------------------------------------------------------------------
---------------------------------------------------------------------------------
Start Flattening Before IO Insertion
---------------------------------------------------------------------------------
---------------------------------------------------------------------------------
Finished Flattening Before IO Insertion
---------------------------------------------------------------------------------
---------------------------------------------------------------------------------
Start Final Netlist Cleanup
---------------------------------------------------------------------------------
---------------------------------------------------------------------------------
Finished Final Netlist Cleanup
---------------------------------------------------------------------------------
---------------------------------------------------------------------------------
Finished IO Insertion : Time (s): cpu = 00:00:26 ; elapsed = 00:00:30 . Memory (MB): peak = 1713.391 ; gain = 36.914
---------------------------------------------------------------------------------
---------------------------------------------------------------------------------
Start Renaming Generated Instances
---------------------------------------------------------------------------------
---------------------------------------------------------------------------------
Finished Renaming Generated Instances : Time (s): cpu = 00:00:26 ; elapsed = 00:00:30 . Memory (MB): peak = 1713.391 ; gain = 36.914
---------------------------------------------------------------------------------
---------------------------------------------------------------------------------
Start Rebuilding User Hierarchy
---------------------------------------------------------------------------------
---------------------------------------------------------------------------------
Finished Rebuilding User Hierarchy : Time (s): cpu = 00:00:26 ; elapsed = 00:00:30 . Memory (MB): peak = 1713.391 ; gain = 36.914
---------------------------------------------------------------------------------
---------------------------------------------------------------------------------
Start Renaming Generated Ports
---------------------------------------------------------------------------------
---------------------------------------------------------------------------------
Finished Renaming Generated Ports : Time (s): cpu = 00:00:26 ; elapsed = 00:00:30 . Memory (MB): peak = 1713.391 ; gain = 36.914
---------------------------------------------------------------------------------
---------------------------------------------------------------------------------
Start Handling Custom Attributes
---------------------------------------------------------------------------------
---------------------------------------------------------------------------------
Finished Handling Custom Attributes : Time (s): cpu = 00:00:26 ; elapsed = 00:00:30 . Memory (MB): peak = 1713.391 ; gain = 36.914
---------------------------------------------------------------------------------
---------------------------------------------------------------------------------
Start Renaming Generated Nets
---------------------------------------------------------------------------------
---------------------------------------------------------------------------------
Finished Renaming Generated Nets : Time (s): cpu = 00:00:26 ; elapsed = 00:00:30 . Memory (MB): peak = 1713.391 ; gain = 36.914
---------------------------------------------------------------------------------
---------------------------------------------------------------------------------
Start Writing Synthesis Report
---------------------------------------------------------------------------------

Report BlackBoxes: 
+-+--------------+----------+
| |BlackBox name |Instances |
+-+--------------+----------+
+-+--------------+----------+

Report Cell Usage: 
+------+---------+------+
|      |Cell     |Count |
+------+---------+------+
|1     |CARRY4   |    19|
|2     |LUT1     |    31|
|3     |LUT2     |     3|
|4     |LUT3     |    67|
|5     |LUT4     |    21|
|6     |LUT5     |    33|
|7     |LUT6     |    24|
|8     |RAMB36E1 |     1|
|9     |FDCE     |    75|
|10    |FDPE     |     1|
|11    |FDRE     |   110|
|12    |FDSE     |     1|
+------+---------+------+
---------------------------------------------------------------------------------
Finished Writing Synthesis Report : Time (s): cpu = 00:00:26 ; elapsed = 00:00:30 . Memory (MB): peak = 1713.391 ; gain = 36.914
---------------------------------------------------------------------------------
Synthesis finished with 0 errors, 0 critical warnings and 7 warnings.
Synthesis Optimization Runtime : Time (s): cpu = 00:00:16 ; elapsed = 00:00:28 . Memory (MB): peak = 1713.391 ; gain = 0.000
Synthesis Optimization Complete : Time (s): cpu = 00:00:26 ; elapsed = 00:00:30 . Memory (MB): peak = 1713.391 ; gain = 36.914
INFO: [Project 1-571] Translating synthesized netlist
Netlist sorting complete. Time (s): cpu = 00:00:00 ; elapsed = 00:00:00.008 . Memory (MB): peak = 1713.391 ; gain = 0.000
INFO: [Netlist 29-17] Analyzing 20 Unisim elements for replacement
INFO: [Netlist 29-28] Unisim Transformation completed in 0 CPU seconds
INFO: [Project 1-570] Preparing netlist for logic optimization
INFO: [Opt 31-138] Pushed 0 inverter(s) to 0 load pin(s).
Netlist sorting complete. Time (s): cpu = 00:00:00 ; elapsed = 00:00:00 . Memory (MB): peak = 1713.391 ; gain = 0.000
INFO: [Project 1-111] Unisim Transformation Summary:
No Unisim elements were transformed.

Synth Design complete, checksum: 7a3d82f5
INFO: [Common 17-83] Releasing license: Synthesis
38 Infos, 51 Warnings, 0 Critical Warnings and 0 Errors encountered.
synth_design completed successfully
synth_design: Time (s): cpu = 00:00:30 ; elapsed = 00:00:35 . Memory (MB): peak = 1713.391 ; gain = 36.914
INFO: [Common 17-1381] The checkpoint 'C:/dev/fpga_proj/lab13/13_bram_axi4_lite_lab_project/13_bram_axi4_lite_lab_project.runs/design_1_lab13_matbi_0_0_synth_1/design_1_lab13_matbi_0_0.dcp' has been generated.
INFO: [Coretcl 2-1648] Added synthesis output to IP cache for IP design_1_lab13_matbi_0_0, cache-ID = 9f80eea6d5008553
INFO: [Coretcl 2-1174] Renamed 5 cell refs.
INFO: [Common 17-1381] The checkpoint 'C:/dev/fpga_proj/lab13/13_bram_axi4_lite_lab_project/13_bram_axi4_lite_lab_project.runs/design_1_lab13_matbi_0_0_synth_1/design_1_lab13_matbi_0_0.dcp' has been generated.
INFO: [runtcl-4] Executing : report_utilization -file design_1_lab13_matbi_0_0_utilization_synth.rpt -pb design_1_lab13_matbi_0_0_utilization_synth.pb
INFO: [Common 17-206] Exiting Vivado at Thu Jul 21 10:01:58 2022...
