12:19:16 INFO  : Platform repository initialization has completed.
12:19:17 INFO  : Launching XSCT server: xsct.bat -n  -interactive C:\dev\fpga_proj\_mini\manoCPU\_ref\lab8_new\08_axi4_lite_vitis\temp_xsdb_launch_script.tcl
12:19:17 INFO  : Registering command handlers for Vitis TCF services
12:19:19 INFO  : XSCT server has started successfully.
12:19:19 INFO  : plnx-install-location is set to ''
12:19:19 INFO  : Successfully done setting XSCT server connection channel  
12:19:19 INFO  : Successfully done query RDI_DATADIR 
12:19:19 INFO  : Successfully done setting workspace for the tool. 
12:20:16 INFO  : Result from executing command 'getProjects': design_1_wrapper
12:20:16 INFO  : Result from executing command 'getPlatforms': 
12:20:16 WARN  : An unexpected exception occurred in the module 'platform project logging'
12:20:17 INFO  : Platform 'design_1_wrapper' is added to custom repositories.
12:20:27 INFO  : Platform 'design_1_wrapper' is added to custom repositories.
12:20:46 INFO  : Checking for BSP changes to sync application flags for project '08_axi4_lite_app'...
12:20:46 INFO  : Result from executing command 'getProjects': 08_axi4_lite_app;08_axi4_lite_app_system;RemoteSystemsTempFiles;design_1_wrapper
12:20:46 WARN  : Failed to closehw "C:/dev/fpga_proj/_mini/manoCPU/_ref/lab8_new/08_axi4_lite_vitis/design_1_wrapper/export/design_1_wrapper/hw/design_1_wrapper.xsa"
Reason: C:/dev/fpga_proj/_mini/manoCPU/_ref/lab8_new/08_axi4_lite_vitis/design_1_wrapper/export/design_1_wrapper/hw/design_1_wrapper.xsa is not available in the current workspace
use 'getprojects' command to see list of available projects in current workspace
12:20:46 INFO  : Result from executing command 'getProjects': 08_axi4_lite_app;08_axi4_lite_app_system;RemoteSystemsTempFiles;design_1_wrapper
12:20:46 ERROR : Failed to openhw "C:/dev/fpga_proj/_mini/manoCPU/_ref/lab8_new/08_axi4_lite_vitis/design_1_wrapper/export/design_1_wrapper/hw/design_1_wrapper.xsa"
Reason: C:/dev/fpga_proj/_mini/manoCPU/_ref/lab8_new/08_axi4_lite_vitis/design_1_wrapper/export/design_1_wrapper/hw/design_1_wrapper.xsa is not available in the current workspace
use 'getprojects' command to see list of available projects in current workspace
12:20:46 ERROR : Failed to update application flags from BSP for '08_axi4_lite_app'. Reason: null
java.lang.NullPointerException
	at com.xilinx.sdx.sw.internal.SDxSwPlatform.<init>(SDxSwPlatform.java:305)
	at com.xilinx.sdx.sw.internal.SDxSwPlatform.create(SDxSwPlatform.java:214)
	at com.xilinx.sdx.sdk.core.util.SdkPlatformHelper.getSwPlatform(SdkPlatformHelper.java:61)
	at com.xilinx.sdx.sdk.core.build.SdkMakefileGenerationListener.getSwPlatform(SdkMakefileGenerationListener.java:160)
	at com.xilinx.sdx.sdk.core.build.SdkMakefileGenerationListener.syncAppFlags(SdkMakefileGenerationListener.java:78)
	at com.xilinx.sdx.sdk.core.build.SdkMakefileGenerationListener.preMakefileGeneration(SdkMakefileGenerationListener.java:48)
	at com.xilinx.sdk.managedbuilder.XilinxGnuMakefileGenerator.notifyPreMakefileGenerationListeners(XilinxGnuMakefileGenerator.java:91)
	at com.xilinx.sdk.managedbuilder.XilinxGnuMakefileGenerator.regenerateMakefiles(XilinxGnuMakefileGenerator.java:75)
	at org.eclipse.cdt.managedbuilder.internal.core.CommonBuilder.performMakefileGeneration(CommonBuilder.java:1006)
	at org.eclipse.cdt.managedbuilder.internal.core.CommonBuilder.performPrebuildGeneration(CommonBuilder.java:873)
	at org.eclipse.cdt.managedbuilder.internal.core.CommonBuilder.build(CommonBuilder.java:748)
	at org.eclipse.cdt.managedbuilder.internal.core.CommonBuilder.build(CommonBuilder.java:513)
	at org.eclipse.cdt.managedbuilder.internal.core.CommonBuilder.build(CommonBuilder.java:459)
	at org.eclipse.core.internal.events.BuildManager$2.run(BuildManager.java:832)
	at org.eclipse.core.runtime.SafeRunner.run(SafeRunner.java:45)
	at org.eclipse.core.internal.events.BuildManager.basicBuild(BuildManager.java:220)
	at org.eclipse.core.internal.events.BuildManager.basicBuild(BuildManager.java:263)
	at org.eclipse.core.internal.events.BuildManager$1.run(BuildManager.java:316)
	at org.eclipse.core.runtime.SafeRunner.run(SafeRunner.java:45)
	at org.eclipse.core.internal.events.BuildManager.basicBuild(BuildManager.java:319)
	at org.eclipse.core.internal.events.BuildManager.basicBuildLoop(BuildManager.java:371)
	at org.eclipse.core.internal.events.BuildManager.build(BuildManager.java:392)
	at org.eclipse.core.internal.resources.Workspace.buildInternal(Workspace.java:515)
	at org.eclipse.core.internal.resources.Workspace.build(Workspace.java:412)
	at org.eclipse.ui.actions.BuildAction$1.runInWorkspace(BuildAction.java:291)
	at org.eclipse.core.internal.resources.InternalWorkspaceJob.run(InternalWorkspaceJob.java:42)
	at org.eclipse.core.internal.jobs.Worker.run(Worker.java:63)
12:46:34 INFO  : Checking for BSP changes to sync application flags for project '08_axi4_lite_app'...
12:46:34 INFO  : Result from executing command 'getProjects': 08_axi4_lite_app;08_axi4_lite_app_system;RemoteSystemsTempFiles;design_1_wrapper
12:46:34 ERROR : Failed to openhw "C:/dev/fpga_proj/_mini/manoCPU/_ref/lab8_new/08_axi4_lite_vitis/design_1_wrapper/export/design_1_wrapper/hw/design_1_wrapper.xsa"
Reason: C:/dev/fpga_proj/_mini/manoCPU/_ref/lab8_new/08_axi4_lite_vitis/design_1_wrapper/export/design_1_wrapper/hw/design_1_wrapper.xsa is not available in the current workspace
use 'getprojects' command to see list of available projects in current workspace
12:46:34 ERROR : Failed to update application flags from BSP for '08_axi4_lite_app'. Reason: null
java.lang.NullPointerException
	at com.xilinx.sdx.sw.internal.SDxSwPlatform.<init>(SDxSwPlatform.java:305)
	at com.xilinx.sdx.sw.internal.SDxSwPlatform.create(SDxSwPlatform.java:214)
	at com.xilinx.sdx.sdk.core.util.SdkPlatformHelper.getSwPlatform(SdkPlatformHelper.java:61)
	at com.xilinx.sdx.sdk.core.build.SdkMakefileGenerationListener.getSwPlatform(SdkMakefileGenerationListener.java:160)
	at com.xilinx.sdx.sdk.core.build.SdkMakefileGenerationListener.syncAppFlags(SdkMakefileGenerationListener.java:78)
	at com.xilinx.sdx.sdk.core.build.SdkMakefileGenerationListener.preMakefileGeneration(SdkMakefileGenerationListener.java:48)
	at com.xilinx.sdk.managedbuilder.XilinxGnuMakefileGenerator.notifyPreMakefileGenerationListeners(XilinxGnuMakefileGenerator.java:91)
	at com.xilinx.sdk.managedbuilder.XilinxGnuMakefileGenerator.generateMakefiles(XilinxGnuMakefileGenerator.java:40)
	at org.eclipse.cdt.managedbuilder.internal.core.CommonBuilder.performMakefileGeneration(CommonBuilder.java:1008)
	at org.eclipse.cdt.managedbuilder.internal.core.CommonBuilder.performPrebuildGeneration(CommonBuilder.java:873)
	at org.eclipse.cdt.managedbuilder.internal.core.CommonBuilder.build(CommonBuilder.java:748)
	at org.eclipse.cdt.managedbuilder.internal.core.CommonBuilder.build(CommonBuilder.java:510)
	at org.eclipse.cdt.managedbuilder.internal.core.CommonBuilder.build(CommonBuilder.java:459)
	at org.eclipse.core.internal.events.BuildManager$2.run(BuildManager.java:832)
	at org.eclipse.core.runtime.SafeRunner.run(SafeRunner.java:45)
	at org.eclipse.core.internal.events.BuildManager.basicBuild(BuildManager.java:220)
	at org.eclipse.core.internal.events.BuildManager.basicBuild(BuildManager.java:263)
	at org.eclipse.core.internal.events.BuildManager$1.run(BuildManager.java:316)
	at org.eclipse.core.runtime.SafeRunner.run(SafeRunner.java:45)
	at org.eclipse.core.internal.events.BuildManager.basicBuild(BuildManager.java:319)
	at org.eclipse.core.internal.events.BuildManager.basicBuildLoop(BuildManager.java:371)
	at org.eclipse.core.internal.events.BuildManager.build(BuildManager.java:392)
	at org.eclipse.core.internal.resources.Workspace.buildInternal(Workspace.java:515)
	at org.eclipse.core.internal.resources.Workspace.build(Workspace.java:412)
	at org.eclipse.ui.actions.BuildAction$1.runInWorkspace(BuildAction.java:291)
	at org.eclipse.core.internal.resources.InternalWorkspaceJob.run(InternalWorkspaceJob.java:42)
	at org.eclipse.core.internal.jobs.Worker.run(Worker.java:63)
12:48:36 INFO  : Checking for BSP changes to sync application flags for project '08_axi4_lite_app'...
12:48:36 INFO  : Result from executing command 'getProjects': 08_axi4_lite_app;08_axi4_lite_app_system;RemoteSystemsTempFiles;design_1_wrapper
12:48:36 ERROR : Failed to openhw "C:/dev/fpga_proj/_mini/manoCPU/_ref/lab8_new/08_axi4_lite_vitis/design_1_wrapper/export/design_1_wrapper/hw/design_1_wrapper.xsa"
Reason: C:/dev/fpga_proj/_mini/manoCPU/_ref/lab8_new/08_axi4_lite_vitis/design_1_wrapper/export/design_1_wrapper/hw/design_1_wrapper.xsa is not available in the current workspace
use 'getprojects' command to see list of available projects in current workspace
12:48:36 ERROR : Failed to update application flags from BSP for '08_axi4_lite_app'. Reason: null
java.lang.NullPointerException
	at com.xilinx.sdx.sw.internal.SDxSwPlatform.<init>(SDxSwPlatform.java:305)
	at com.xilinx.sdx.sw.internal.SDxSwPlatform.create(SDxSwPlatform.java:214)
	at com.xilinx.sdx.sdk.core.util.SdkPlatformHelper.getSwPlatform(SdkPlatformHelper.java:61)
	at com.xilinx.sdx.sdk.core.build.SdkMakefileGenerationListener.getSwPlatform(SdkMakefileGenerationListener.java:160)
	at com.xilinx.sdx.sdk.core.build.SdkMakefileGenerationListener.syncAppFlags(SdkMakefileGenerationListener.java:78)
	at com.xilinx.sdx.sdk.core.build.SdkMakefileGenerationListener.preMakefileGeneration(SdkMakefileGenerationListener.java:48)
	at com.xilinx.sdk.managedbuilder.XilinxGnuMakefileGenerator.notifyPreMakefileGenerationListeners(XilinxGnuMakefileGenerator.java:91)
	at com.xilinx.sdk.managedbuilder.XilinxGnuMakefileGenerator.generateMakefiles(XilinxGnuMakefileGenerator.java:40)
	at org.eclipse.cdt.managedbuilder.internal.core.CommonBuilder.performMakefileGeneration(CommonBuilder.java:1008)
	at org.eclipse.cdt.managedbuilder.internal.core.CommonBuilder.performPrebuildGeneration(CommonBuilder.java:873)
	at org.eclipse.cdt.managedbuilder.internal.core.CommonBuilder.build(CommonBuilder.java:748)
	at org.eclipse.cdt.managedbuilder.internal.core.CommonBuilder.build(CommonBuilder.java:510)
	at org.eclipse.cdt.managedbuilder.internal.core.CommonBuilder.build(CommonBuilder.java:459)
	at org.eclipse.core.internal.events.BuildManager$2.run(BuildManager.java:832)
	at org.eclipse.core.runtime.SafeRunner.run(SafeRunner.java:45)
	at org.eclipse.core.internal.events.BuildManager.basicBuild(BuildManager.java:220)
	at org.eclipse.core.internal.events.BuildManager.basicBuild(BuildManager.java:263)
	at org.eclipse.core.internal.events.BuildManager$1.run(BuildManager.java:316)
	at org.eclipse.core.runtime.SafeRunner.run(SafeRunner.java:45)
	at org.eclipse.core.internal.events.BuildManager.basicBuild(BuildManager.java:319)
	at org.eclipse.core.internal.events.BuildManager.basicBuildLoop(BuildManager.java:371)
	at org.eclipse.core.internal.events.BuildManager.build(BuildManager.java:392)
	at org.eclipse.core.internal.resources.Workspace.buildInternal(Workspace.java:515)
	at org.eclipse.core.internal.resources.Workspace.build(Workspace.java:412)
	at org.eclipse.ui.actions.BuildAction$1.runInWorkspace(BuildAction.java:291)
	at org.eclipse.core.internal.resources.InternalWorkspaceJob.run(InternalWorkspaceJob.java:42)
	at org.eclipse.core.internal.jobs.Worker.run(Worker.java:63)
12:51:41 INFO  : Result from executing command 'getProjects': design_1_wrapper
12:51:41 INFO  : Result from executing command 'getPlatforms': design_1_wrapper|C:/dev/fpga_proj/_mini/manoCPU/_ref/lab8_new/08_axi4_lite_vitis/design_1_wrapper/export/design_1_wrapper/design_1_wrapper.xpfm
12:51:41 INFO  : Checking for BSP changes to sync application flags for project '08_axi4_lite_app'...
12:52:13 INFO  : Connected to target on host '127.0.0.1' and port '3121'.
12:52:14 INFO  : Jtag cable 'Digilent Zybo Z7 210351B5BF7DA' is selected.
12:52:14 INFO  : 'jtag frequency' command is executed.
12:52:14 INFO  : Context for 'APU' is selected.
12:52:14 INFO  : System reset is completed.
12:52:17 INFO  : 'after 3000' command is executed.
12:52:17 INFO  : 'targets -set -filter {jtag_cable_name =~ "Digilent Zybo Z7 210351B5BF7DA" && level==0 && jtag_device_ctx=="jsn-Zybo Z7-210351B5BF7DA-23727093-0"}' command is executed.
12:52:19 INFO  : Device configured successfully with "C:/dev/fpga_proj/_mini/manoCPU/_ref/lab8_new/08_axi4_lite_vitis/08_axi4_lite_app/_ide/bitstream/design_1_wrapper.bit"
12:52:19 INFO  : Context for 'APU' is selected.
12:52:20 INFO  : Hardware design and registers information is loaded from 'C:/dev/fpga_proj/_mini/manoCPU/_ref/lab8_new/08_axi4_lite_vitis/design_1_wrapper/export/design_1_wrapper/hw/design_1_wrapper.xsa'.
12:52:20 INFO  : 'configparams force-mem-access 1' command is executed.
12:52:20 INFO  : Context for 'APU' is selected.
12:52:20 INFO  : Sourcing of 'C:/dev/fpga_proj/_mini/manoCPU/_ref/lab8_new/08_axi4_lite_vitis/08_axi4_lite_app/_ide/psinit/ps7_init.tcl' is done.
12:52:20 INFO  : 'ps7_init' command is executed.
12:52:20 INFO  : 'ps7_post_config' command is executed.
12:52:20 INFO  : Context for processor 'ps7_cortexa9_0' is selected.
12:52:21 INFO  : The application 'C:/dev/fpga_proj/_mini/manoCPU/_ref/lab8_new/08_axi4_lite_vitis/08_axi4_lite_app/Debug/08_axi4_lite_app.elf' is downloaded to processor 'ps7_cortexa9_0'.
12:52:21 INFO  : 'configparams force-mem-access 0' command is executed.
12:52:21 INFO  : ----------------XSDB Script----------------
connect -url tcp:127.0.0.1:3121
targets -set -nocase -filter {name =~"APU*"}
rst -system
after 3000
targets -set -filter {jtag_cable_name =~ "Digilent Zybo Z7 210351B5BF7DA" && level==0 && jtag_device_ctx=="jsn-Zybo Z7-210351B5BF7DA-23727093-0"}
fpga -file C:/dev/fpga_proj/_mini/manoCPU/_ref/lab8_new/08_axi4_lite_vitis/08_axi4_lite_app/_ide/bitstream/design_1_wrapper.bit
targets -set -nocase -filter {name =~"APU*"}
loadhw -hw C:/dev/fpga_proj/_mini/manoCPU/_ref/lab8_new/08_axi4_lite_vitis/design_1_wrapper/export/design_1_wrapper/hw/design_1_wrapper.xsa -mem-ranges [list {0x40000000 0xbfffffff}] -regs
configparams force-mem-access 1
targets -set -nocase -filter {name =~"APU*"}
source C:/dev/fpga_proj/_mini/manoCPU/_ref/lab8_new/08_axi4_lite_vitis/08_axi4_lite_app/_ide/psinit/ps7_init.tcl
ps7_init
ps7_post_config
targets -set -nocase -filter {name =~ "*A9*#0"}
dow C:/dev/fpga_proj/_mini/manoCPU/_ref/lab8_new/08_axi4_lite_vitis/08_axi4_lite_app/Debug/08_axi4_lite_app.elf
configparams force-mem-access 0
----------------End of Script----------------

12:52:21 INFO  : Context for processor 'ps7_cortexa9_0' is selected.
12:52:21 INFO  : 'con' command is executed.
12:52:21 INFO  : ----------------XSDB Script (After Launch)----------------
targets -set -nocase -filter {name =~ "*A9*#0"}
con
----------------End of Script----------------

12:52:21 INFO  : Launch script is exported to file 'C:\dev\fpga_proj\_mini\manoCPU\_ref\lab8_new\08_axi4_lite_vitis\08_axi4_lite_app_system\_ide\scripts\debugger_08_axi4_lite_app-default.tcl'
12:58:54 INFO  : Disconnected from the channel tcfchan#5.
